<?xml version="1.0" encoding="UTF-8"?>
<!-- Generated by org.testng.reporters.JUnitReportReporter -->
<testsuite skipped="0" hostname="DESKTOP-S7L1JH8" name="runner.TestRunner" tests="2" failures="0" timestamp="09 Oct 2020 15:29:47 GMT" time="12.600" errors="0">
  <testcase name="feature" time="4.871" classname="runner.TestRunner"/>
  <testcase name="feature" time="7.729" classname="runner.TestRunner"/>
</testsuite> <!-- runner.TestRunner -->
