<?xml version="1.0" encoding="UTF-8"?>
<!-- Generated by org.testng.reporters.JUnitReportReporter -->
<testsuite skipped="0" hostname="DESKTOP-S7L1JH8" name="runner.TestRunner" tests="2" failures="0" timestamp="09 Oct 2020 12:45:35 GMT" time="9.326" errors="0">
  <testcase name="feature" time="7.168" classname="runner.TestRunner"/>
  <testcase name="feature" time="2.158" classname="runner.TestRunner"/>
</testsuite> <!-- runner.TestRunner -->
