<?xml version="1.0" encoding="UTF-8"?>
<!-- Generated by org.testng.reporters.JUnitReportReporter -->
<testsuite skipped="0" hostname="DESKTOP-S7L1JH8" name="runner.TestRunner" tests="2" failures="0" timestamp="09 Oct 2020 10:33:33 GMT" time="11.446" errors="0">
  <testcase name="feature" time="6.620" classname="runner.TestRunner"/>
  <testcase name="feature" time="4.826" classname="runner.TestRunner"/>
</testsuite> <!-- runner.TestRunner -->
